<?xml version="1.0" encoding="UTF-8"?>
<testsuites tests="141" failures="0" errors="0" time="40.222585">
	<testsuite tests="141" failures="0" skipped="125" time="40.223000" name="github.com/haproxytech/haproxy-unified-gateway/test/conformance" timestamp="2026-03-20T09:58:29+01:00">
		<properties>
			<property name="go.version" value="go1.26.0 linux/amd64"></property>
		</properties>
		<testcase classname="github.com/haproxytech/haproxy-unified-gateway/test/conformance" name="TestConformance/MeshGRPCRouteWeight" time="0.000000">
			<skipped message="=== RUN   TestConformance/MeshGRPCRouteWeight&#xA;    conformance.go:54: Skipping MeshGRPCRouteWeight: suite does not support Mesh&#xA;    --- SKIP: TestConformance/MeshGRPCRouteWeight (0.00s)&#xA;"></skipped>
		</testcase>
		<testcase classname="github.com/haproxytech/haproxy-unified-gateway/test/conformance" name="TestConformance/MeshHTTPRoute303Redirect" time="0.000000">
			<skipped message="=== RUN   TestConformance/MeshHTTPRoute303Redirect&#xA;    conformance.go:54: Skipping MeshHTTPRoute303Redirect: suite does not support Mesh&#xA;    --- SKIP: TestConformance/MeshHTTPRoute303Redirect (0.00s)&#xA;"></skipped>
		</testcase>
		<testcase classname="github.com/haproxytech/haproxy-unified-gateway/test/conformance" name="TestConformance/MeshHTTPRoute307Redirect" time="0.000000">
			<skipped message="=== RUN   TestConformance/MeshHTTPRoute307Redirect&#xA;    conformance.go:54: Skipping MeshHTTPRoute307Redirect: suite does not support Mesh&#xA;    --- SKIP: TestConformance/MeshHTTPRoute307Redirect (0.00s)&#xA;"></skipped>
		</testcase>
		<testcase classname="github.com/haproxytech/haproxy-unified-gateway/test/conformance" name="TestConformance/MeshHTTPRoute308Redirect" time="0.000000">
			<skipped message="=== RUN   TestConformance/MeshHTTPRoute308Redirect&#xA;    conformance.go:54: Skipping MeshHTTPRoute308Redirect: suite does not support Mesh&#xA;    --- SKIP: TestConformance/MeshHTTPRoute308Redirect (0.00s)&#xA;"></skipped>
		</testcase>
		<testcase classname="github.com/haproxytech/haproxy-unified-gateway/test/conformance" name="TestConformance/MeshHTTPRouteMatching" time="0.000000">
			<skipped message="=== RUN   TestConformance/MeshHTTPRouteMatching&#xA;    conformance.go:54: Skipping MeshHTTPRouteMatching: suite does not support Mesh&#xA;    --- SKIP: TestConformance/MeshHTTPRouteMatching (0.00s)&#xA;"></skipped>
		</testcase>
		<testcase classname="github.com/haproxytech/haproxy-unified-gateway/test/conformance" name="TestConformance/MeshHTTPRouteNamedRule" time="0.000000">
			<skipped message="=== RUN   TestConformance/MeshHTTPRouteNamedRule&#xA;    conformance.go:54: Skipping MeshHTTPRouteNamedRule: suite does not support Mesh&#xA;    --- SKIP: TestConformance/MeshHTTPRouteNamedRule (0.00s)&#xA;"></skipped>
		</testcase>
		<testcase classname="github.com/haproxytech/haproxy-unified-gateway/test/conformance" name="TestConformance/MeshHTTPRouteQueryParamMatching" time="0.000000">
			<skipped message="=== RUN   TestConformance/MeshHTTPRouteQueryParamMatching&#xA;    conformance.go:54: Skipping MeshHTTPRouteQueryParamMatching: suite does not support Mesh&#xA;    --- SKIP: TestConformance/MeshHTTPRouteQueryParamMatching (0.00s)&#xA;"></skipped>
		</testcase>
		<testcase classname="github.com/haproxytech/haproxy-unified-gateway/test/conformance" name="TestConformance/MeshHTTPRouteRedirectHostAndStatus" time="0.000000">
			<skipped message="=== RUN   TestConformance/MeshHTTPRouteRedirectHostAndStatus&#xA;    conformance.go:54: Skipping MeshHTTPRouteRedirectHostAndStatus: suite does not support Mesh&#xA;    --- SKIP: TestConformance/MeshHTTPRouteRedirectHostAndStatus (0.00s)&#xA;"></skipped>
		</testcase>
		<testcase classname="github.com/haproxytech/haproxy-unified-gateway/test/conformance" name="TestConformance/MeshHTTPRouteRedirectPath" time="0.000000">
			<skipped message="=== RUN   TestConformance/MeshHTTPRouteRedirectPath&#xA;    conformance.go:54: Skipping MeshHTTPRouteRedirectPath: suite does not support Mesh&#xA;    --- SKIP: TestConformance/MeshHTTPRouteRedirectPath (0.00s)&#xA;"></skipped>
		</testcase>
		<testcase classname="github.com/haproxytech/haproxy-unified-gateway/test/conformance" name="TestConformance/MeshHTTPRouteRedirectPort" time="0.000000">
			<skipped message="=== RUN   TestConformance/MeshHTTPRouteRedirectPort&#xA;    conformance.go:54: Skipping MeshHTTPRouteRedirectPort: suite does not support Mesh&#xA;    --- SKIP: TestConformance/MeshHTTPRouteRedirectPort (0.00s)&#xA;"></skipped>
		</testcase>
		<testcase classname="github.com/haproxytech/haproxy-unified-gateway/test/conformance" name="TestConformance/MeshHTTPRouteSchemeRedirect" time="0.000000">
			<skipped message="=== RUN   TestConformance/MeshHTTPRouteSchemeRedirect&#xA;    conformance.go:54: Skipping MeshHTTPRouteSchemeRedirect: suite does not support Mesh&#xA;    --- SKIP: TestConformance/MeshHTTPRouteSchemeRedirect (0.00s)&#xA;"></skipped>
		</testcase>
		<testcase classname="github.com/haproxytech/haproxy-unified-gateway/test/conformance" name="TestConformance/MeshHTTPRouteRequestHeaderModifier" time="0.000000">
			<skipped message="=== RUN   TestConformance/MeshHTTPRouteRequestHeaderModifier&#xA;    conformance.go:54: Skipping MeshHTTPRouteRequestHeaderModifier: suite does not support Mesh&#xA;    --- SKIP: TestConformance/MeshHTTPRouteRequestHeaderModifier (0.00s)&#xA;"></skipped>
		</testcase>
		<testcase classname="github.com/haproxytech/haproxy-unified-gateway/test/conformance" name="TestConformance/MeshHTTPRouteBackendRequestHeaderModifier" time="0.000000">
			<skipped message="=== RUN   TestConformance/MeshHTTPRouteBackendRequestHeaderModifier&#xA;    conformance.go:54: Skipping MeshHTTPRouteBackendRequestHeaderModifier: suite does not support Mesh&#xA;    --- SKIP: TestConformance/MeshHTTPRouteBackendRequestHeaderModifier (0.00s)&#xA;"></skipped>
		</testcase>
		<testcase classname="github.com/haproxytech/haproxy-unified-gateway/test/conformance" name="TestConformance/MeshHTTPRouteRewritePath" time="0.000000">
			<skipped message="=== RUN   TestConformance/MeshHTTPRouteRewritePath&#xA;    conformance.go:54: Skipping MeshHTTPRouteRewritePath: suite does not support Mesh&#xA;    --- SKIP: TestConformance/MeshHTTPRouteRewritePath (0.00s)&#xA;"></skipped>
		</testcase>
		<testcase classname="github.com/haproxytech/haproxy-unified-gateway/test/conformance" name="TestConformance/MeshHTTPRouteSimpleSameNamespace" time="0.000000">
			<skipped message="=== RUN   TestConformance/MeshHTTPRouteSimpleSameNamespace&#xA;    conformance.go:54: Skipping MeshHTTPRouteSimpleSameNamespace: suite does not support Mesh&#xA;    --- SKIP: TestConformance/MeshHTTPRouteSimpleSameNamespace (0.00s)&#xA;"></skipped>
		</testcase>
		<testcase classname="github.com/haproxytech/haproxy-unified-gateway/test/conformance" name="TestConformance/MeshHTTPRouteWeight" time="0.000000">
			<skipped message="=== RUN   TestConformance/MeshHTTPRouteWeight&#xA;    conformance.go:54: Skipping MeshHTTPRouteWeight: suite does not support Mesh&#xA;    --- SKIP: TestConformance/MeshHTTPRouteWeight (0.00s)&#xA;"></skipped>
		</testcase>
		<testcase classname="github.com/haproxytech/haproxy-unified-gateway/test/conformance" name="TestConformance/MeshBasic" time="0.000000">
			<skipped message="=== RUN   TestConformance/MeshBasic&#xA;    conformance.go:54: Skipping MeshBasic: suite does not support Mesh&#xA;    --- SKIP: TestConformance/MeshBasic (0.00s)&#xA;"></skipped>
		</testcase>
		<testcase classname="github.com/haproxytech/haproxy-unified-gateway/test/conformance" name="TestConformance/MeshConsumerRoute" time="0.000000">
			<skipped message="=== RUN   TestConformance/MeshConsumerRoute&#xA;    conformance.go:54: Skipping MeshConsumerRoute: suite does not support Mesh&#xA;    --- SKIP: TestConformance/MeshConsumerRoute (0.00s)&#xA;"></skipped>
		</testcase>
		<testcase classname="github.com/haproxytech/haproxy-unified-gateway/test/conformance" name="TestConformance/MeshFrontendHostname" time="0.000000">
			<skipped message="=== RUN   TestConformance/MeshFrontendHostname&#xA;    conformance.go:54: Skipping MeshFrontendHostname: suite does not support Mesh&#xA;    --- SKIP: TestConformance/MeshFrontendHostname (0.00s)&#xA;"></skipped>
		</testcase>
		<testcase classname="github.com/haproxytech/haproxy-unified-gateway/test/conformance" name="TestConformance/MeshFrontend" time="0.000000">
			<skipped message="=== RUN   TestConformance/MeshFrontend&#xA;    conformance.go:54: Skipping MeshFrontend: suite does not support Mesh&#xA;    --- SKIP: TestConformance/MeshFrontend (0.00s)&#xA;"></skipped>
		</testcase>
		<testcase classname="github.com/haproxytech/haproxy-unified-gateway/test/conformance" name="TestConformance/MeshPorts" time="0.000000">
			<skipped message="=== RUN   TestConformance/MeshPorts&#xA;    conformance.go:54: Skipping MeshPorts: suite does not support Mesh&#xA;    --- SKIP: TestConformance/MeshPorts (0.00s)&#xA;"></skipped>
		</testcase>
		<testcase classname="github.com/haproxytech/haproxy-unified-gateway/test/conformance" name="TestConformance/MeshTrafficSplit" time="0.000000">
			<skipped message="=== RUN   TestConformance/MeshTrafficSplit&#xA;    conformance.go:54: Skipping MeshTrafficSplit: suite does not support Mesh&#xA;    --- SKIP: TestConformance/MeshTrafficSplit (0.00s)&#xA;"></skipped>
		</testcase>
		<testcase classname="github.com/haproxytech/haproxy-unified-gateway/test/conformance" name="TestConformance/BackendTLSPolicyConflictResolution" time="0.000000">
			<skipped message="=== RUN   TestConformance/BackendTLSPolicyConflictResolution&#xA;    conformance.go:54: Skipping BackendTLSPolicyConflictResolution: suite does not support BackendTLSPolicy&#xA;    --- SKIP: TestConformance/BackendTLSPolicyConflictResolution (0.00s)&#xA;"></skipped>
		</testcase>
		<testcase classname="github.com/haproxytech/haproxy-unified-gateway/test/conformance" name="TestConformance/BackendTLSPolicyInvalidCACertificateRef" time="0.000000">
			<skipped message="=== RUN   TestConformance/BackendTLSPolicyInvalidCACertificateRef&#xA;    conformance.go:54: Skipping BackendTLSPolicyInvalidCACertificateRef: suite does not support BackendTLSPolicy&#xA;    --- SKIP: TestConformance/BackendTLSPolicyInvalidCACertificateRef (0.00s)&#xA;"></skipped>
		</testcase>
		<testcase classname="github.com/haproxytech/haproxy-unified-gateway/test/conformance" name="TestConformance/BackendTLSPolicyInvalidKind" time="0.000000">
			<skipped message="=== RUN   TestConformance/BackendTLSPolicyInvalidKind&#xA;    conformance.go:54: Skipping BackendTLSPolicyInvalidKind: suite does not support BackendTLSPolicy&#xA;    --- SKIP: TestConformance/BackendTLSPolicyInvalidKind (0.00s)&#xA;"></skipped>
		</testcase>
		<testcase classname="github.com/haproxytech/haproxy-unified-gateway/test/conformance" name="TestConformance/BackendTLSPolicyObservedGenerationBump" time="0.000000">
			<skipped message="=== RUN   TestConformance/BackendTLSPolicyObservedGenerationBump&#xA;    conformance.go:54: Skipping BackendTLSPolicyObservedGenerationBump: suite does not support BackendTLSPolicy&#xA;    --- SKIP: TestConformance/BackendTLSPolicyObservedGenerationBump (0.00s)&#xA;"></skipped>
		</testcase>
		<testcase classname="github.com/haproxytech/haproxy-unified-gateway/test/conformance" name="TestConformance/BackendTLSPolicySANValidation" time="0.000000">
			<skipped message="=== RUN   TestConformance/BackendTLSPolicySANValidation&#xA;    conformance.go:54: Skipping BackendTLSPolicySANValidation: suite does not support BackendTLSPolicy&#xA;    --- SKIP: TestConformance/BackendTLSPolicySANValidation (0.00s)&#xA;"></skipped>
		</testcase>
		<testcase classname="github.com/haproxytech/haproxy-unified-gateway/test/conformance" name="TestConformance/BackendTLSPolicy" time="0.000000">
			<skipped message="=== RUN   TestConformance/BackendTLSPolicy&#xA;    conformance.go:54: Skipping BackendTLSPolicy: suite does not support BackendTLSPolicy&#xA;    --- SKIP: TestConformance/BackendTLSPolicy (0.00s)&#xA;"></skipped>
		</testcase>
		<testcase classname="github.com/haproxytech/haproxy-unified-gateway/test/conformance" name="TestConformance/GatewayHTTPListenerIsolation" time="0.000000">
			<skipped message="=== RUN   TestConformance/GatewayHTTPListenerIsolation&#xA;    conformance.go:54: Skipping GatewayHTTPListenerIsolation: suite does not support GatewayHTTPListenerIsolation&#xA;    --- SKIP: TestConformance/GatewayHTTPListenerIsolation (0.00s)&#xA;"></skipped>
		</testcase>
		<testcase classname="github.com/haproxytech/haproxy-unified-gateway/test/conformance" name="TestConformance/GatewayInfrastructure" time="0.000000">
			<skipped message="=== RUN   TestConformance/GatewayInfrastructure&#xA;    conformance.go:54: Skipping GatewayInfrastructure: suite does not support GatewayInfrastructurePropagation&#xA;    --- SKIP: TestConformance/GatewayInfrastructure (0.00s)&#xA;"></skipped>
		</testcase>
		<testcase classname="github.com/haproxytech/haproxy-unified-gateway/test/conformance" name="TestConformance/GatewayFrontendInvalidDefaultClientCertificateValidation" time="0.000000">
			<skipped message="=== RUN   TestConformance/GatewayFrontendInvalidDefaultClientCertificateValidation&#xA;    conformance.go:54: Skipping GatewayFrontendInvalidDefaultClientCertificateValidation: suite does not support GatewayFrontendClientCertificateValidation&#xA;    --- SKIP: TestConformance/GatewayFrontendInvalidDefaultClientCertificateValidation (0.00s)&#xA;"></skipped>
		</testcase>
		<testcase classname="github.com/haproxytech/haproxy-unified-gateway/test/conformance" name="TestConformance/GatewayInvalidTLSBackendConfiguration" time="0.000000">
			<skipped message="=== RUN   TestConformance/GatewayInvalidTLSBackendConfiguration&#xA;    conformance.go:54: Skipping GatewayInvalidTLSBackendConfiguration: suite does not support GatewayBackendClientCertificate&#xA;    --- SKIP: TestConformance/GatewayInvalidTLSBackendConfiguration (0.00s)&#xA;"></skipped>
		</testcase>
		<testcase classname="github.com/haproxytech/haproxy-unified-gateway/test/conformance" name="TestConformance/GatewayOptionalAddressValue" time="0.000000">
			<skipped message="=== RUN   TestConformance/GatewayOptionalAddressValue&#xA;    conformance.go:54: Skipping GatewayOptionalAddressValue: suite does not support GatewayAddressEmpty&#xA;    --- SKIP: TestConformance/GatewayOptionalAddressValue (0.00s)&#xA;"></skipped>
		</testcase>
		<testcase classname="github.com/haproxytech/haproxy-unified-gateway/test/conformance" name="TestConformance/GatewaySecretInvalidReferenceGrant" time="0.000000">
			<skipped message="=== RUN   TestConformance/GatewaySecretInvalidReferenceGrant&#xA;    conformance.go:66: Skipping GatewaySecretInvalidReferenceGrant: test explicitly skipped&#xA;    --- SKIP: TestConformance/GatewaySecretInvalidReferenceGrant (0.00s)&#xA;"></skipped>
		</testcase>
		<testcase classname="github.com/haproxytech/haproxy-unified-gateway/test/conformance" name="TestConformance/GatewaySecretMissingReferenceGrant" time="0.000000">
			<skipped message="=== RUN   TestConformance/GatewaySecretMissingReferenceGrant&#xA;    conformance.go:66: Skipping GatewaySecretMissingReferenceGrant: test explicitly skipped&#xA;    --- SKIP: TestConformance/GatewaySecretMissingReferenceGrant (0.00s)&#xA;"></skipped>
		</testcase>
		<testcase classname="github.com/haproxytech/haproxy-unified-gateway/test/conformance" name="TestConformance/GatewaySecretReferenceGrantAllInNamespace" time="0.000000">
			<skipped message="=== RUN   TestConformance/GatewaySecretReferenceGrantAllInNamespace&#xA;    conformance.go:66: Skipping GatewaySecretReferenceGrantAllInNamespace: test explicitly skipped&#xA;    --- SKIP: TestConformance/GatewaySecretReferenceGrantAllInNamespace (0.00s)&#xA;"></skipped>
		</testcase>
		<testcase classname="github.com/haproxytech/haproxy-unified-gateway/test/conformance" name="TestConformance/GatewaySecretReferenceGrantSpecific" time="0.000000">
			<skipped message="=== RUN   TestConformance/GatewaySecretReferenceGrantSpecific&#xA;    conformance.go:66: Skipping GatewaySecretReferenceGrantSpecific: test explicitly skipped&#xA;    --- SKIP: TestConformance/GatewaySecretReferenceGrantSpecific (0.00s)&#xA;"></skipped>
		</testcase>
		<testcase classname="github.com/haproxytech/haproxy-unified-gateway/test/conformance" name="TestConformance/GatewayStaticAddresses" time="0.000000">
			<skipped message="=== RUN   TestConformance/GatewayStaticAddresses&#xA;    conformance.go:54: Skipping GatewayStaticAddresses: suite does not support GatewayStaticAddresses&#xA;    --- SKIP: TestConformance/GatewayStaticAddresses (0.00s)&#xA;"></skipped>
		</testcase>
		<testcase classname="github.com/haproxytech/haproxy-unified-gateway/test/conformance" name="TestConformance/GatewayBackendClientCertificateFeature" time="0.000000">
			<skipped message="=== RUN   TestConformance/GatewayBackendClientCertificateFeature&#xA;    conformance.go:54: Skipping GatewayBackendClientCertificateFeature: suite does not support GatewayBackendClientCertificate&#xA;    --- SKIP: TestConformance/GatewayBackendClientCertificateFeature (0.00s)&#xA;"></skipped>
		</testcase>
		<testcase classname="github.com/haproxytech/haproxy-unified-gateway/test/conformance" name="TestConformance/GatewayWithAttachedRoutes" time="0.000000">
			<skipped message="=== RUN   TestConformance/GatewayWithAttachedRoutes&#xA;    conformance.go:66: Skipping GatewayWithAttachedRoutes: test explicitly skipped&#xA;    --- SKIP: TestConformance/GatewayWithAttachedRoutes (0.00s)&#xA;"></skipped>
		</testcase>
		<testcase classname="github.com/haproxytech/haproxy-unified-gateway/test/conformance" name="TestConformance/GatewayWithAttachedRoutesWithPort8080" time="0.000000">
			<skipped message="=== RUN   TestConformance/GatewayWithAttachedRoutesWithPort8080&#xA;    conformance.go:54: Skipping GatewayWithAttachedRoutesWithPort8080: suite does not support GatewayPort8080&#xA;    --- SKIP: TestConformance/GatewayWithAttachedRoutesWithPort8080 (0.00s)&#xA;"></skipped>
		</testcase>
		<testcase classname="github.com/haproxytech/haproxy-unified-gateway/test/conformance" name="TestConformance/GatewayFrontendClientCertificateValidationInsecureFallback" time="0.000000">
			<skipped message="=== RUN   TestConformance/GatewayFrontendClientCertificateValidationInsecureFallback&#xA;    conformance.go:54: Skipping GatewayFrontendClientCertificateValidationInsecureFallback: suite does not support GatewayFrontendClientCertificateValidation&#xA;    --- SKIP: TestConformance/GatewayFrontendClientCertificateValidationInsecureFallback (0.00s)&#xA;"></skipped>
		</testcase>
		<testcase classname="github.com/haproxytech/haproxy-unified-gateway/test/conformance" name="TestConformance/GatewayFrontendClientCertificateValidation" time="0.000000">
			<skipped message="=== RUN   TestConformance/GatewayFrontendClientCertificateValidation&#xA;    conformance.go:54: Skipping GatewayFrontendClientCertificateValidation: suite does not support GatewayFrontendClientCertificateValidation&#xA;    --- SKIP: TestConformance/GatewayFrontendClientCertificateValidation (0.00s)&#xA;"></skipped>
		</testcase>
		<testcase classname="github.com/haproxytech/haproxy-unified-gateway/test/conformance" name="TestConformance/GatewayInvalidFrontendClientCertificateValidation" time="0.000000">
			<skipped message="=== RUN   TestConformance/GatewayInvalidFrontendClientCertificateValidation&#xA;    conformance.go:54: Skipping GatewayInvalidFrontendClientCertificateValidation: suite does not support GatewayFrontendClientCertificateValidation&#xA;    --- SKIP: TestConformance/GatewayInvalidFrontendClientCertificateValidation (0.00s)&#xA;"></skipped>
		</testcase>
		<testcase classname="github.com/haproxytech/haproxy-unified-gateway/test/conformance" name="TestConformance/GRPCExactMethodMatching" time="0.000000">
			<skipped message="=== RUN   TestConformance/GRPCExactMethodMatching&#xA;    conformance.go:54: Skipping GRPCExactMethodMatching: suite does not support GRPCRoute&#xA;    --- SKIP: TestConformance/GRPCExactMethodMatching (0.00s)&#xA;"></skipped>
		</testcase>
		<testcase classname="github.com/haproxytech/haproxy-unified-gateway/test/conformance" name="TestConformance/GRPCRouteHeaderMatching" time="0.000000">
			<skipped message="=== RUN   TestConformance/GRPCRouteHeaderMatching&#xA;    conformance.go:54: Skipping GRPCRouteHeaderMatching: suite does not support GRPCRoute&#xA;    --- SKIP: TestConformance/GRPCRouteHeaderMatching (0.00s)&#xA;"></skipped>
		</testcase>
		<testcase classname="github.com/haproxytech/haproxy-unified-gateway/test/conformance" name="TestConformance/GRPCRouteListenerHostnameMatching" time="0.000000">
			<skipped message="=== RUN   TestConformance/GRPCRouteListenerHostnameMatching&#xA;    conformance.go:54: Skipping GRPCRouteListenerHostnameMatching: suite does not support GRPCRoute&#xA;    --- SKIP: TestConformance/GRPCRouteListenerHostnameMatching (0.00s)&#xA;"></skipped>
		</testcase>
		<testcase classname="github.com/haproxytech/haproxy-unified-gateway/test/conformance" name="TestConformance/GRPCRouteNamedRule" time="0.000000">
			<skipped message="=== RUN   TestConformance/GRPCRouteNamedRule&#xA;    conformance.go:54: Skipping GRPCRouteNamedRule: suite does not support GRPCRoute&#xA;    --- SKIP: TestConformance/GRPCRouteNamedRule (0.00s)&#xA;"></skipped>
		</testcase>
		<testcase classname="github.com/haproxytech/haproxy-unified-gateway/test/conformance" name="TestConformance/GRPCRouteWeight" time="0.000000">
			<skipped message="=== RUN   TestConformance/GRPCRouteWeight&#xA;    conformance.go:54: Skipping GRPCRouteWeight: suite does not support GRPCRoute&#xA;    --- SKIP: TestConformance/GRPCRouteWeight (0.00s)&#xA;"></skipped>
		</testcase>
		<testcase classname="github.com/haproxytech/haproxy-unified-gateway/test/conformance" name="TestConformance/HTTPRoute303Redirect" time="0.000000">
			<skipped message="=== RUN   TestConformance/HTTPRoute303Redirect&#xA;    conformance.go:54: Skipping HTTPRoute303Redirect: suite does not support HTTPRoute303RedirectStatusCode&#xA;    --- SKIP: TestConformance/HTTPRoute303Redirect (0.00s)&#xA;"></skipped>
		</testcase>
		<testcase classname="github.com/haproxytech/haproxy-unified-gateway/test/conformance" name="TestConformance/HTTPRoute307Redirect" time="0.000000">
			<skipped message="=== RUN   TestConformance/HTTPRoute307Redirect&#xA;    conformance.go:54: Skipping HTTPRoute307Redirect: suite does not support HTTPRoute307RedirectStatusCode&#xA;    --- SKIP: TestConformance/HTTPRoute307Redirect (0.00s)&#xA;"></skipped>
		</testcase>
		<testcase classname="github.com/haproxytech/haproxy-unified-gateway/test/conformance" name="TestConformance/HTTPRoute308Redirect" time="0.000000">
			<skipped message="=== RUN   TestConformance/HTTPRoute308Redirect&#xA;    conformance.go:54: Skipping HTTPRoute308Redirect: suite does not support HTTPRoute308RedirectStatusCode&#xA;    --- SKIP: TestConformance/HTTPRoute308Redirect (0.00s)&#xA;"></skipped>
		</testcase>
		<testcase classname="github.com/haproxytech/haproxy-unified-gateway/test/conformance" name="TestConformance/HTTPRouteBackendProtocolH2C" time="0.000000">
			<skipped message="=== RUN   TestConformance/HTTPRouteBackendProtocolH2C&#xA;    conformance.go:54: Skipping HTTPRouteBackendProtocolH2C: suite does not support HTTPRouteBackendProtocolH2C&#xA;    --- SKIP: TestConformance/HTTPRouteBackendProtocolH2C (0.00s)&#xA;"></skipped>
		</testcase>
		<testcase classname="github.com/haproxytech/haproxy-unified-gateway/test/conformance" name="TestConformance/HTTPRouteBackendProtocolWebSocket" time="0.000000">
			<skipped message="=== RUN   TestConformance/HTTPRouteBackendProtocolWebSocket&#xA;    conformance.go:54: Skipping HTTPRouteBackendProtocolWebSocket: suite does not support HTTPRouteBackendProtocolWebSocket&#xA;    --- SKIP: TestConformance/HTTPRouteBackendProtocolWebSocket (0.00s)&#xA;"></skipped>
		</testcase>
		<testcase classname="github.com/haproxytech/haproxy-unified-gateway/test/conformance" name="TestConformance/HTTPRouteCORSAllowCredentialsBehavior" time="0.000000">
			<skipped message="=== RUN   TestConformance/HTTPRouteCORSAllowCredentialsBehavior&#xA;    conformance.go:54: Skipping HTTPRouteCORSAllowCredentialsBehavior: suite does not support HTTPRouteCORS&#xA;    --- SKIP: TestConformance/HTTPRouteCORSAllowCredentialsBehavior (0.00s)&#xA;"></skipped>
		</testcase>
		<testcase classname="github.com/haproxytech/haproxy-unified-gateway/test/conformance" name="TestConformance/HTTPRouteCORS" time="0.000000">
			<skipped message="=== RUN   TestConformance/HTTPRouteCORS&#xA;    conformance.go:54: Skipping HTTPRouteCORS: suite does not support HTTPRouteCORS&#xA;    --- SKIP: TestConformance/HTTPRouteCORS (0.00s)&#xA;"></skipped>
		</testcase>
		<testcase classname="github.com/haproxytech/haproxy-unified-gateway/test/conformance" name="TestConformance/HTTPRouteCrossNamespace" time="0.000000">
			<skipped message="=== RUN   TestConformance/HTTPRouteCrossNamespace&#xA;    conformance.go:66: Skipping HTTPRouteCrossNamespace: test explicitly skipped&#xA;    --- SKIP: TestConformance/HTTPRouteCrossNamespace (0.00s)&#xA;"></skipped>
		</testcase>
		<testcase classname="github.com/haproxytech/haproxy-unified-gateway/test/conformance" name="TestConformance/HTTPRouteDisallowedKind" time="0.000000">
			<skipped message="=== RUN   TestConformance/HTTPRouteDisallowedKind&#xA;    conformance.go:54: Skipping HTTPRouteDisallowedKind: suite does not support TLSRoute&#xA;    --- SKIP: TestConformance/HTTPRouteDisallowedKind (0.00s)&#xA;"></skipped>
		</testcase>
		<testcase classname="github.com/haproxytech/haproxy-unified-gateway/test/conformance" name="TestConformance/HTTPRouteExactPathMatching" time="0.000000">
			<skipped message="=== RUN   TestConformance/HTTPRouteExactPathMatching&#xA;    conformance.go:66: Skipping HTTPRouteExactPathMatching: test explicitly skipped&#xA;    --- SKIP: TestConformance/HTTPRouteExactPathMatching (0.00s)&#xA;"></skipped>
		</testcase>
		<testcase classname="github.com/haproxytech/haproxy-unified-gateway/test/conformance" name="TestConformance/HTTPRouteHeaderMatching" time="0.000000">
			<skipped message="=== RUN   TestConformance/HTTPRouteHeaderMatching&#xA;    conformance.go:66: Skipping HTTPRouteHeaderMatching: test explicitly skipped&#xA;    --- SKIP: TestConformance/HTTPRouteHeaderMatching (0.00s)&#xA;"></skipped>
		</testcase>
		<testcase classname="github.com/haproxytech/haproxy-unified-gateway/test/conformance" name="TestConformance/HTTPRouteHostnameIntersection" time="0.000000">
			<skipped message="=== RUN   TestConformance/HTTPRouteHostnameIntersection&#xA;    conformance.go:66: Skipping HTTPRouteHostnameIntersection: test explicitly skipped&#xA;    --- SKIP: TestConformance/HTTPRouteHostnameIntersection (0.00s)&#xA;"></skipped>
		</testcase>
		<testcase classname="github.com/haproxytech/haproxy-unified-gateway/test/conformance" name="TestConformance/HTTPRouteHTTPSListenerDetectMisdirectedRequests" time="0.000000">
			<skipped message="=== RUN   TestConformance/HTTPRouteHTTPSListenerDetectMisdirectedRequests&#xA;    conformance.go:54: Skipping HTTPRouteHTTPSListenerDetectMisdirectedRequests: suite does not support GatewayHTTPSListenerDetectMisdirectedRequests&#xA;    --- SKIP: TestConformance/HTTPRouteHTTPSListenerDetectMisdirectedRequests (0.00s)&#xA;"></skipped>
		</testcase>
		<testcase classname="github.com/haproxytech/haproxy-unified-gateway/test/conformance" name="TestConformance/HTTPRouteHTTPSListener" time="0.000000">
			<skipped message="=== RUN   TestConformance/HTTPRouteHTTPSListener&#xA;    conformance.go:66: Skipping HTTPRouteHTTPSListener: test explicitly skipped&#xA;    --- SKIP: TestConformance/HTTPRouteHTTPSListener (0.00s)&#xA;"></skipped>
		</testcase>
		<testcase classname="github.com/haproxytech/haproxy-unified-gateway/test/conformance" name="TestConformance/HTTPRouteInvalidBackendRefUnknownKind" time="0.000000">
			<skipped message="=== RUN   TestConformance/HTTPRouteInvalidBackendRefUnknownKind&#xA;    conformance.go:66: Skipping HTTPRouteInvalidBackendRefUnknownKind: test explicitly skipped&#xA;    --- SKIP: TestConformance/HTTPRouteInvalidBackendRefUnknownKind (0.00s)&#xA;"></skipped>
		</testcase>
		<testcase classname="github.com/haproxytech/haproxy-unified-gateway/test/conformance" name="TestConformance/HTTPRouteInvalidCrossNamespaceBackendRef" time="0.000000">
			<skipped message="=== RUN   TestConformance/HTTPRouteInvalidCrossNamespaceBackendRef&#xA;    conformance.go:66: Skipping HTTPRouteInvalidCrossNamespaceBackendRef: test explicitly skipped&#xA;    --- SKIP: TestConformance/HTTPRouteInvalidCrossNamespaceBackendRef (0.00s)&#xA;"></skipped>
		</testcase>
		<testcase classname="github.com/haproxytech/haproxy-unified-gateway/test/conformance" name="TestConformance/HTTPRouteInvalidCrossNamespaceParentRef" time="0.000000">
			<skipped message="=== RUN   TestConformance/HTTPRouteInvalidCrossNamespaceParentRef&#xA;    conformance.go:66: Skipping HTTPRouteInvalidCrossNamespaceParentRef: test explicitly skipped&#xA;    --- SKIP: TestConformance/HTTPRouteInvalidCrossNamespaceParentRef (0.00s)&#xA;"></skipped>
		</testcase>
		<testcase classname="github.com/haproxytech/haproxy-unified-gateway/test/conformance" name="TestConformance/HTTPRouteInvalidNonExistentBackendRef" time="0.000000">
			<skipped message="=== RUN   TestConformance/HTTPRouteInvalidNonExistentBackendRef&#xA;    conformance.go:66: Skipping HTTPRouteInvalidNonExistentBackendRef: test explicitly skipped&#xA;    --- SKIP: TestConformance/HTTPRouteInvalidNonExistentBackendRef (0.00s)&#xA;"></skipped>
		</testcase>
		<testcase classname="github.com/haproxytech/haproxy-unified-gateway/test/conformance" name="TestConformance/HTTPRouteInvalidParentRefNotMatchingListenerPort" time="0.000000">
			<skipped message="=== RUN   TestConformance/HTTPRouteInvalidParentRefNotMatchingListenerPort&#xA;    conformance.go:54: Skipping HTTPRouteInvalidParentRefNotMatchingListenerPort: suite does not support HTTPRouteDestinationPortMatching&#xA;    --- SKIP: TestConformance/HTTPRouteInvalidParentRefNotMatchingListenerPort (0.00s)&#xA;"></skipped>
		</testcase>
		<testcase classname="github.com/haproxytech/haproxy-unified-gateway/test/conformance" name="TestConformance/HTTPRouteInvalidParentRefNotMatchingSectionName" time="0.000000">
			<skipped message="=== RUN   TestConformance/HTTPRouteInvalidParentRefNotMatchingSectionName&#xA;    conformance.go:66: Skipping HTTPRouteInvalidParentRefNotMatchingSectionName: test explicitly skipped&#xA;    --- SKIP: TestConformance/HTTPRouteInvalidParentRefNotMatchingSectionName (0.00s)&#xA;"></skipped>
		</testcase>
		<testcase classname="github.com/haproxytech/haproxy-unified-gateway/test/conformance" name="TestConformance/HTTPRouteInvalidParentRefSectionNameNotMatchingPort" time="0.000000">
			<skipped message="=== RUN   TestConformance/HTTPRouteInvalidParentRefSectionNameNotMatchingPort&#xA;    conformance.go:54: Skipping HTTPRouteInvalidParentRefSectionNameNotMatchingPort: suite does not support HTTPRouteParentRefPort&#xA;    --- SKIP: TestConformance/HTTPRouteInvalidParentRefSectionNameNotMatchingPort (0.00s)&#xA;"></skipped>
		</testcase>
		<testcase classname="github.com/haproxytech/haproxy-unified-gateway/test/conformance" name="TestConformance/HTTPRouteInvalidReferenceGrant" time="0.000000">
			<skipped message="=== RUN   TestConformance/HTTPRouteInvalidReferenceGrant&#xA;    conformance.go:66: Skipping HTTPRouteInvalidReferenceGrant: test explicitly skipped&#xA;    --- SKIP: TestConformance/HTTPRouteInvalidReferenceGrant (0.00s)&#xA;"></skipped>
		</testcase>
		<testcase classname="github.com/haproxytech/haproxy-unified-gateway/test/conformance" name="TestConformance/HTTPRouteListenerHostnameMatching" time="0.000000">
			<skipped message="=== RUN   TestConformance/HTTPRouteListenerHostnameMatching&#xA;    conformance.go:66: Skipping HTTPRouteListenerHostnameMatching: test explicitly skipped&#xA;    --- SKIP: TestConformance/HTTPRouteListenerHostnameMatching (0.00s)&#xA;"></skipped>
		</testcase>
		<testcase classname="github.com/haproxytech/haproxy-unified-gateway/test/conformance" name="TestConformance/HTTPRouteListenerPortMatching" time="0.000000">
			<skipped message="=== RUN   TestConformance/HTTPRouteListenerPortMatching&#xA;    conformance.go:54: Skipping HTTPRouteListenerPortMatching: suite does not support HTTPRouteParentRefPort&#xA;    --- SKIP: TestConformance/HTTPRouteListenerPortMatching (0.00s)&#xA;"></skipped>
		</testcase>
		<testcase classname="github.com/haproxytech/haproxy-unified-gateway/test/conformance" name="TestConformance/HTTPRouteMatchingAcrossRoutes" time="0.000000">
			<skipped message="=== RUN   TestConformance/HTTPRouteMatchingAcrossRoutes&#xA;    conformance.go:66: Skipping HTTPRouteMatchingAcrossRoutes: test explicitly skipped&#xA;    --- SKIP: TestConformance/HTTPRouteMatchingAcrossRoutes (0.00s)&#xA;"></skipped>
		</testcase>
		<testcase classname="github.com/haproxytech/haproxy-unified-gateway/test/conformance" name="TestConformance/HTTPRouteMatching" time="0.000000">
			<skipped message="=== RUN   TestConformance/HTTPRouteMatching&#xA;    conformance.go:66: Skipping HTTPRouteMatching: test explicitly skipped&#xA;    --- SKIP: TestConformance/HTTPRouteMatching (0.00s)&#xA;"></skipped>
		</testcase>
		<testcase classname="github.com/haproxytech/haproxy-unified-gateway/test/conformance" name="TestConformance/HTTPRouteMethodMatching" time="0.000000">
			<skipped message="=== RUN   TestConformance/HTTPRouteMethodMatching&#xA;    conformance.go:54: Skipping HTTPRouteMethodMatching: suite does not support HTTPRouteMethodMatching&#xA;    --- SKIP: TestConformance/HTTPRouteMethodMatching (0.00s)&#xA;"></skipped>
		</testcase>
		<testcase classname="github.com/haproxytech/haproxy-unified-gateway/test/conformance" name="TestConformance/HTTPRouteNamedRule" time="0.000000">
			<skipped message="=== RUN   TestConformance/HTTPRouteNamedRule&#xA;    conformance.go:54: Skipping HTTPRouteNamedRule: suite does not support HTTPRouteNamedRouteRule&#xA;    --- SKIP: TestConformance/HTTPRouteNamedRule (0.00s)&#xA;"></skipped>
		</testcase>
		<testcase classname="github.com/haproxytech/haproxy-unified-gateway/test/conformance" name="TestConformance/HTTPRouteObservedGenerationBump" time="0.000000">
			<skipped message="=== RUN   TestConformance/HTTPRouteObservedGenerationBump&#xA;    conformance.go:66: Skipping HTTPRouteObservedGenerationBump: test explicitly skipped&#xA;    --- SKIP: TestConformance/HTTPRouteObservedGenerationBump (0.00s)&#xA;"></skipped>
		</testcase>
		<testcase classname="github.com/haproxytech/haproxy-unified-gateway/test/conformance" name="TestConformance/HTTPRoutePartiallyInvalidViaInvalidReferenceGrant" time="0.000000">
			<skipped message="=== RUN   TestConformance/HTTPRoutePartiallyInvalidViaInvalidReferenceGrant&#xA;    conformance.go:66: Skipping HTTPRoutePartiallyInvalidViaInvalidReferenceGrant: test explicitly skipped&#xA;    --- SKIP: TestConformance/HTTPRoutePartiallyInvalidViaInvalidReferenceGrant (0.00s)&#xA;"></skipped>
		</testcase>
		<testcase classname="github.com/haproxytech/haproxy-unified-gateway/test/conformance" name="TestConformance/HTTPRoutePathMatchOrder" time="0.000000">
			<skipped message="=== RUN   TestConformance/HTTPRoutePathMatchOrder&#xA;    conformance.go:66: Skipping HTTPRoutePathMatchOrder: test explicitly skipped&#xA;    --- SKIP: TestConformance/HTTPRoutePathMatchOrder (0.00s)&#xA;"></skipped>
		</testcase>
		<testcase classname="github.com/haproxytech/haproxy-unified-gateway/test/conformance" name="TestConformance/HTTPRouteQueryParamMatching" time="0.000000">
			<skipped message="=== RUN   TestConformance/HTTPRouteQueryParamMatching&#xA;    conformance.go:54: Skipping HTTPRouteQueryParamMatching: suite does not support HTTPRouteQueryParamMatching&#xA;    --- SKIP: TestConformance/HTTPRouteQueryParamMatching (0.00s)&#xA;"></skipped>
		</testcase>
		<testcase classname="github.com/haproxytech/haproxy-unified-gateway/test/conformance" name="TestConformance/HTTPRouteRedirectHostAndStatus" time="0.000000">
			<skipped message="=== RUN   TestConformance/HTTPRouteRedirectHostAndStatus&#xA;    conformance.go:66: Skipping HTTPRouteRedirectHostAndStatus: test explicitly skipped&#xA;    --- SKIP: TestConformance/HTTPRouteRedirectHostAndStatus (0.00s)&#xA;"></skipped>
		</testcase>
		<testcase classname="github.com/haproxytech/haproxy-unified-gateway/test/conformance" name="TestConformance/HTTPRouteRedirectPath" time="0.000000">
			<skipped message="=== RUN   TestConformance/HTTPRouteRedirectPath&#xA;    conformance.go:54: Skipping HTTPRouteRedirectPath: suite does not support HTTPRoutePathRedirect&#xA;    --- SKIP: TestConformance/HTTPRouteRedirectPath (0.00s)&#xA;"></skipped>
		</testcase>
		<testcase classname="github.com/haproxytech/haproxy-unified-gateway/test/conformance" name="TestConformance/HTTPRouteRedirectPortAndScheme" time="0.000000">
			<skipped message="=== RUN   TestConformance/HTTPRouteRedirectPortAndScheme&#xA;    conformance.go:54: Skipping HTTPRouteRedirectPortAndScheme: suite does not support HTTPRoutePortRedirect&#xA;    --- SKIP: TestConformance/HTTPRouteRedirectPortAndScheme (0.00s)&#xA;"></skipped>
		</testcase>
		<testcase classname="github.com/haproxytech/haproxy-unified-gateway/test/conformance" name="TestConformance/HTTPRouteRedirectPort" time="0.000000">
			<skipped message="=== RUN   TestConformance/HTTPRouteRedirectPort&#xA;    conformance.go:54: Skipping HTTPRouteRedirectPort: suite does not support HTTPRoutePortRedirect&#xA;    --- SKIP: TestConformance/HTTPRouteRedirectPort (0.00s)&#xA;"></skipped>
		</testcase>
		<testcase classname="github.com/haproxytech/haproxy-unified-gateway/test/conformance" name="TestConformance/HTTPRouteRedirectScheme" time="0.000000">
			<skipped message="=== RUN   TestConformance/HTTPRouteRedirectScheme&#xA;    conformance.go:54: Skipping HTTPRouteRedirectScheme: suite does not support HTTPRouteSchemeRedirect&#xA;    --- SKIP: TestConformance/HTTPRouteRedirectScheme (0.00s)&#xA;"></skipped>
		</testcase>
		<testcase classname="github.com/haproxytech/haproxy-unified-gateway/test/conformance" name="TestConformance/HTTPRouteReferenceGrant" time="0.000000">
			<skipped message="=== RUN   TestConformance/HTTPRouteReferenceGrant&#xA;    conformance.go:66: Skipping HTTPRouteReferenceGrant: test explicitly skipped&#xA;    --- SKIP: TestConformance/HTTPRouteReferenceGrant (0.00s)&#xA;"></skipped>
		</testcase>
		<testcase classname="github.com/haproxytech/haproxy-unified-gateway/test/conformance" name="TestConformance/HTTPRouteRequestHeaderModifierBackendWeights" time="0.000000">
			<skipped message="=== RUN   TestConformance/HTTPRouteRequestHeaderModifierBackendWeights&#xA;    conformance.go:54: Skipping HTTPRouteRequestHeaderModifierBackendWeights: suite does not support HTTPRouteBackendRequestHeaderModification&#xA;    --- SKIP: TestConformance/HTTPRouteRequestHeaderModifierBackendWeights (0.00s)&#xA;"></skipped>
		</testcase>
		<testcase classname="github.com/haproxytech/haproxy-unified-gateway/test/conformance" name="TestConformance/HTTPRouteRequestHeaderModifier" time="0.000000">
			<skipped message="=== RUN   TestConformance/HTTPRouteRequestHeaderModifier&#xA;    conformance.go:66: Skipping HTTPRouteRequestHeaderModifier: test explicitly skipped&#xA;    --- SKIP: TestConformance/HTTPRouteRequestHeaderModifier (0.00s)&#xA;"></skipped>
		</testcase>
		<testcase classname="github.com/haproxytech/haproxy-unified-gateway/test/conformance" name="TestConformance/HTTPRouteBackendRequestHeaderModifier" time="0.000000">
			<skipped message="=== RUN   TestConformance/HTTPRouteBackendRequestHeaderModifier&#xA;    conformance.go:54: Skipping HTTPRouteBackendRequestHeaderModifier: suite does not support HTTPRouteBackendRequestHeaderModification&#xA;    --- SKIP: TestConformance/HTTPRouteBackendRequestHeaderModifier (0.00s)&#xA;"></skipped>
		</testcase>
		<testcase classname="github.com/haproxytech/haproxy-unified-gateway/test/conformance" name="TestConformance/HTTPRouteRequestMirror" time="0.000000">
			<skipped message="=== RUN   TestConformance/HTTPRouteRequestMirror&#xA;    conformance.go:54: Skipping HTTPRouteRequestMirror: suite does not support HTTPRouteRequestMirror&#xA;    --- SKIP: TestConformance/HTTPRouteRequestMirror (0.00s)&#xA;"></skipped>
		</testcase>
		<testcase classname="github.com/haproxytech/haproxy-unified-gateway/test/conformance" name="TestConformance/HTTPRouteRequestMultipleMirrors" time="0.000000">
			<skipped message="=== RUN   TestConformance/HTTPRouteRequestMultipleMirrors&#xA;    conformance.go:54: Skipping HTTPRouteRequestMultipleMirrors: suite does not support HTTPRouteRequestMirror&#xA;    --- SKIP: TestConformance/HTTPRouteRequestMultipleMirrors (0.00s)&#xA;"></skipped>
		</testcase>
		<testcase classname="github.com/haproxytech/haproxy-unified-gateway/test/conformance" name="TestConformance/HTTPRouteRequestPercentageMirror" time="0.000000">
			<skipped message="=== RUN   TestConformance/HTTPRouteRequestPercentageMirror&#xA;    conformance.go:54: Skipping HTTPRouteRequestPercentageMirror: suite does not support HTTPRouteRequestPercentageMirror&#xA;    --- SKIP: TestConformance/HTTPRouteRequestPercentageMirror (0.00s)&#xA;"></skipped>
		</testcase>
		<testcase classname="github.com/haproxytech/haproxy-unified-gateway/test/conformance" name="TestConformance/HTTPRouteResponseHeaderModifier" time="0.000000">
			<skipped message="=== RUN   TestConformance/HTTPRouteResponseHeaderModifier&#xA;    conformance.go:54: Skipping HTTPRouteResponseHeaderModifier: suite does not support HTTPRouteResponseHeaderModification&#xA;    --- SKIP: TestConformance/HTTPRouteResponseHeaderModifier (0.00s)&#xA;"></skipped>
		</testcase>
		<testcase classname="github.com/haproxytech/haproxy-unified-gateway/test/conformance" name="TestConformance/HTTPRouteRewriteHost" time="0.000000">
			<skipped message="=== RUN   TestConformance/HTTPRouteRewriteHost&#xA;    conformance.go:54: Skipping HTTPRouteRewriteHost: suite does not support HTTPRouteHostRewrite&#xA;    --- SKIP: TestConformance/HTTPRouteRewriteHost (0.00s)&#xA;"></skipped>
		</testcase>
		<testcase classname="github.com/haproxytech/haproxy-unified-gateway/test/conformance" name="TestConformance/HTTPRouteRewritePath" time="0.000000">
			<skipped message="=== RUN   TestConformance/HTTPRouteRewritePath&#xA;    conformance.go:54: Skipping HTTPRouteRewritePath: suite does not support HTTPRoutePathRewrite&#xA;    --- SKIP: TestConformance/HTTPRouteRewritePath (0.00s)&#xA;"></skipped>
		</testcase>
		<testcase classname="github.com/haproxytech/haproxy-unified-gateway/test/conformance" name="TestConformance/HTTPRouteServiceTypes" time="0.000000">
			<skipped message="=== RUN   TestConformance/HTTPRouteServiceTypes&#xA;    conformance.go:66: Skipping HTTPRouteServiceTypes: test explicitly skipped&#xA;    --- SKIP: TestConformance/HTTPRouteServiceTypes (0.00s)&#xA;"></skipped>
		</testcase>
		<testcase classname="github.com/haproxytech/haproxy-unified-gateway/test/conformance" name="TestConformance/HTTPRouteSimpleSameNamespace" time="0.000000">
			<skipped message="=== RUN   TestConformance/HTTPRouteSimpleSameNamespace&#xA;    conformance.go:66: Skipping HTTPRouteSimpleSameNamespace: test explicitly skipped&#xA;    --- SKIP: TestConformance/HTTPRouteSimpleSameNamespace (0.00s)&#xA;"></skipped>
		</testcase>
		<testcase classname="github.com/haproxytech/haproxy-unified-gateway/test/conformance" name="TestConformance/HTTPRouteTimeoutBackendRequest" time="0.000000">
			<skipped message="=== RUN   TestConformance/HTTPRouteTimeoutBackendRequest&#xA;    conformance.go:54: Skipping HTTPRouteTimeoutBackendRequest: suite does not support HTTPRouteBackendTimeout&#xA;    --- SKIP: TestConformance/HTTPRouteTimeoutBackendRequest (0.00s)&#xA;"></skipped>
		</testcase>
		<testcase classname="github.com/haproxytech/haproxy-unified-gateway/test/conformance" name="TestConformance/HTTPRouteTimeoutRequest" time="0.000000">
			<skipped message="=== RUN   TestConformance/HTTPRouteTimeoutRequest&#xA;    conformance.go:54: Skipping HTTPRouteTimeoutRequest: suite does not support HTTPRouteRequestTimeout&#xA;    --- SKIP: TestConformance/HTTPRouteTimeoutRequest (0.00s)&#xA;"></skipped>
		</testcase>
		<testcase classname="github.com/haproxytech/haproxy-unified-gateway/test/conformance" name="TestConformance/HTTPRouteWeight" time="0.000000">
			<skipped message="=== RUN   TestConformance/HTTPRouteWeight&#xA;    conformance.go:66: Skipping HTTPRouteWeight: test explicitly skipped&#xA;    --- SKIP: TestConformance/HTTPRouteWeight (0.00s)&#xA;"></skipped>
		</testcase>
		<testcase classname="github.com/haproxytech/haproxy-unified-gateway/test/conformance" name="TestConformance/ListenerSetAllowedNamespaceNone" time="0.000000">
			<skipped message="=== RUN   TestConformance/ListenerSetAllowedNamespaceNone&#xA;    conformance.go:54: Skipping ListenerSetAllowedNamespaceNone: suite does not support ListenerSet&#xA;    --- SKIP: TestConformance/ListenerSetAllowedNamespaceNone (0.00s)&#xA;"></skipped>
		</testcase>
		<testcase classname="github.com/haproxytech/haproxy-unified-gateway/test/conformance" name="TestConformance/ListenerSetAllowedNamespaceSame" time="0.000000">
			<skipped message="=== RUN   TestConformance/ListenerSetAllowedNamespaceSame&#xA;    conformance.go:54: Skipping ListenerSetAllowedNamespaceSame: suite does not support ListenerSet&#xA;    --- SKIP: TestConformance/ListenerSetAllowedNamespaceSame (0.00s)&#xA;"></skipped>
		</testcase>
		<testcase classname="github.com/haproxytech/haproxy-unified-gateway/test/conformance" name="TestConformance/ListenerSetAllowedNamespaceSelector" time="0.000000">
			<skipped message="=== RUN   TestConformance/ListenerSetAllowedNamespaceSelector&#xA;    conformance.go:54: Skipping ListenerSetAllowedNamespaceSelector: suite does not support ListenerSet&#xA;    --- SKIP: TestConformance/ListenerSetAllowedNamespaceSelector (0.00s)&#xA;"></skipped>
		</testcase>
		<testcase classname="github.com/haproxytech/haproxy-unified-gateway/test/conformance" name="TestConformance/ListenerSetAllowedRoutesNamespaces" time="0.000000">
			<skipped message="=== RUN   TestConformance/ListenerSetAllowedRoutesNamespaces&#xA;    conformance.go:54: Skipping ListenerSetAllowedRoutesNamespaces: suite does not support ListenerSet&#xA;    --- SKIP: TestConformance/ListenerSetAllowedRoutesNamespaces (0.00s)&#xA;"></skipped>
		</testcase>
		<testcase classname="github.com/haproxytech/haproxy-unified-gateway/test/conformance" name="TestConformance/ListenerSetAllowedRoutesSupportedKinds" time="0.000000">
			<skipped message="=== RUN   TestConformance/ListenerSetAllowedRoutesSupportedKinds&#xA;    conformance.go:54: Skipping ListenerSetAllowedRoutesSupportedKinds: suite does not support ListenerSet&#xA;    --- SKIP: TestConformance/ListenerSetAllowedRoutesSupportedKinds (0.00s)&#xA;"></skipped>
		</testcase>
		<testcase classname="github.com/haproxytech/haproxy-unified-gateway/test/conformance" name="TestConformance/ListenerSetDefaultNotAllowed" time="0.000000">
			<skipped message="=== RUN   TestConformance/ListenerSetDefaultNotAllowed&#xA;    conformance.go:54: Skipping ListenerSetDefaultNotAllowed: suite does not support ListenerSet&#xA;    --- SKIP: TestConformance/ListenerSetDefaultNotAllowed (0.00s)&#xA;"></skipped>
		</testcase>
		<testcase classname="github.com/haproxytech/haproxy-unified-gateway/test/conformance" name="TestConformance/ListenerSetHostnameConflict" time="0.000000">
			<skipped message="=== RUN   TestConformance/ListenerSetHostnameConflict&#xA;    conformance.go:54: Skipping ListenerSetHostnameConflict: suite does not support ListenerSet&#xA;    --- SKIP: TestConformance/ListenerSetHostnameConflict (0.00s)&#xA;"></skipped>
		</testcase>
		<testcase classname="github.com/haproxytech/haproxy-unified-gateway/test/conformance" name="TestConformance/ListenerSetHTTPRouting" time="0.000000">
			<skipped message="=== RUN   TestConformance/ListenerSetHTTPRouting&#xA;    conformance.go:54: Skipping ListenerSetHTTPRouting: suite does not support ListenerSet&#xA;    --- SKIP: TestConformance/ListenerSetHTTPRouting (0.00s)&#xA;"></skipped>
		</testcase>
		<testcase classname="github.com/haproxytech/haproxy-unified-gateway/test/conformance" name="TestConformance/ListenerSetProtocolConflict" time="0.000000">
			<skipped message="=== RUN   TestConformance/ListenerSetProtocolConflict&#xA;    conformance.go:54: Skipping ListenerSetProtocolConflict: suite does not support ListenerSet&#xA;    --- SKIP: TestConformance/ListenerSetProtocolConflict (0.00s)&#xA;"></skipped>
		</testcase>
		<testcase classname="github.com/haproxytech/haproxy-unified-gateway/test/conformance" name="TestConformance/ListenerSetReferenceGrant" time="0.000000">
			<skipped message="=== RUN   TestConformance/ListenerSetReferenceGrant&#xA;    conformance.go:54: Skipping ListenerSetReferenceGrant: suite does not support ListenerSet&#xA;    --- SKIP: TestConformance/ListenerSetReferenceGrant (0.00s)&#xA;"></skipped>
		</testcase>
		<testcase classname="github.com/haproxytech/haproxy-unified-gateway/test/conformance" name="TestConformance/TLSRouteHostnameIntersection" time="0.000000">
			<skipped message="=== RUN   TestConformance/TLSRouteHostnameIntersection&#xA;    conformance.go:54: Skipping TLSRouteHostnameIntersection: suite does not support TLSRoute&#xA;    --- SKIP: TestConformance/TLSRouteHostnameIntersection (0.00s)&#xA;"></skipped>
		</testcase>
		<testcase classname="github.com/haproxytech/haproxy-unified-gateway/test/conformance" name="TestConformance/TLSRouteInvalidBackendRefNonexistent" time="0.000000">
			<skipped message="=== RUN   TestConformance/TLSRouteInvalidBackendRefNonexistent&#xA;    conformance.go:54: Skipping TLSRouteInvalidBackendRefNonexistent: suite does not support TLSRoute&#xA;    --- SKIP: TestConformance/TLSRouteInvalidBackendRefNonexistent (0.00s)&#xA;"></skipped>
		</testcase>
		<testcase classname="github.com/haproxytech/haproxy-unified-gateway/test/conformance" name="TestConformance/TLSRouteInvalidBackendRefUnknownKind" time="0.000000">
			<skipped message="=== RUN   TestConformance/TLSRouteInvalidBackendRefUnknownKind&#xA;    conformance.go:54: Skipping TLSRouteInvalidBackendRefUnknownKind: suite does not support TLSRoute&#xA;    --- SKIP: TestConformance/TLSRouteInvalidBackendRefUnknownKind (0.00s)&#xA;"></skipped>
		</testcase>
		<testcase classname="github.com/haproxytech/haproxy-unified-gateway/test/conformance" name="TestConformance/TLSRouteInvalidNoMatchingListenerHostname" time="0.000000">
			<skipped message="=== RUN   TestConformance/TLSRouteInvalidNoMatchingListenerHostname&#xA;    conformance.go:54: Skipping TLSRouteInvalidNoMatchingListenerHostname: suite does not support TLSRoute&#xA;    --- SKIP: TestConformance/TLSRouteInvalidNoMatchingListenerHostname (0.00s)&#xA;"></skipped>
		</testcase>
		<testcase classname="github.com/haproxytech/haproxy-unified-gateway/test/conformance" name="TestConformance/TLSRouteInvalidNoMatchingListener" time="0.000000">
			<skipped message="=== RUN   TestConformance/TLSRouteInvalidNoMatchingListener&#xA;    conformance.go:54: Skipping TLSRouteInvalidNoMatchingListener: suite does not support TLSRoute&#xA;    --- SKIP: TestConformance/TLSRouteInvalidNoMatchingListener (0.00s)&#xA;"></skipped>
		</testcase>
		<testcase classname="github.com/haproxytech/haproxy-unified-gateway/test/conformance" name="TestConformance/TLSRouteInvalidReferenceGrant" time="0.000000">
			<skipped message="=== RUN   TestConformance/TLSRouteInvalidReferenceGrant&#xA;    conformance.go:54: Skipping TLSRouteInvalidReferenceGrant: suite does not support TLSRoute&#xA;    --- SKIP: TestConformance/TLSRouteInvalidReferenceGrant (0.00s)&#xA;"></skipped>
		</testcase>
		<testcase classname="github.com/haproxytech/haproxy-unified-gateway/test/conformance" name="TestConformance/TLSRouteListenerMixedTerminationNotSupported" time="0.000000">
			<skipped message="=== RUN   TestConformance/TLSRouteListenerMixedTerminationNotSupported&#xA;    conformance.go:54: Skipping TLSRouteListenerMixedTerminationNotSupported: suite does not support TLSRoute&#xA;    --- SKIP: TestConformance/TLSRouteListenerMixedTerminationNotSupported (0.00s)&#xA;"></skipped>
		</testcase>
		<testcase classname="github.com/haproxytech/haproxy-unified-gateway/test/conformance" name="TestConformance/TLSRouteListenerPassthroughSupportedKinds" time="0.000000">
			<skipped message="=== RUN   TestConformance/TLSRouteListenerPassthroughSupportedKinds&#xA;    conformance.go:54: Skipping TLSRouteListenerPassthroughSupportedKinds: suite does not support TLSRoute&#xA;    --- SKIP: TestConformance/TLSRouteListenerPassthroughSupportedKinds (0.00s)&#xA;"></skipped>
		</testcase>
		<testcase classname="github.com/haproxytech/haproxy-unified-gateway/test/conformance" name="TestConformance/TLSRouteListenerTerminateNotSupported" time="0.000000">
			<skipped message="=== RUN   TestConformance/TLSRouteListenerTerminateNotSupported&#xA;    conformance.go:54: Skipping TLSRouteListenerTerminateNotSupported: suite does not support TLSRoute&#xA;    --- SKIP: TestConformance/TLSRouteListenerTerminateNotSupported (0.00s)&#xA;"></skipped>
		</testcase>
		<testcase classname="github.com/haproxytech/haproxy-unified-gateway/test/conformance" name="TestConformance/TLSRouteListenerTerminateSupportedKinds" time="0.000000">
			<skipped message="=== RUN   TestConformance/TLSRouteListenerTerminateSupportedKinds&#xA;    conformance.go:54: Skipping TLSRouteListenerTerminateSupportedKinds: suite does not support TLSRoute&#xA;    --- SKIP: TestConformance/TLSRouteListenerTerminateSupportedKinds (0.00s)&#xA;"></skipped>
		</testcase>
		<testcase classname="github.com/haproxytech/haproxy-unified-gateway/test/conformance" name="TestConformance/TLSRouteMixedTerminationSameNamespace" time="0.000000">
			<skipped message="=== RUN   TestConformance/TLSRouteMixedTerminationSameNamespace&#xA;    conformance.go:54: Skipping TLSRouteMixedTerminationSameNamespace: suite does not support TLSRoute&#xA;    --- SKIP: TestConformance/TLSRouteMixedTerminationSameNamespace (0.00s)&#xA;"></skipped>
		</testcase>
		<testcase classname="github.com/haproxytech/haproxy-unified-gateway/test/conformance" name="TestConformance/TLSRouteSimpleSameNamespace" time="0.000000">
			<skipped message="=== RUN   TestConformance/TLSRouteSimpleSameNamespace&#xA;    conformance.go:54: Skipping TLSRouteSimpleSameNamespace: suite does not support TLSRoute&#xA;    --- SKIP: TestConformance/TLSRouteSimpleSameNamespace (0.00s)&#xA;"></skipped>
		</testcase>
		<testcase classname="github.com/haproxytech/haproxy-unified-gateway/test/conformance" name="TestConformance/TLSRouteTerminateSimpleSameNamespace" time="0.000000">
			<skipped message="=== RUN   TestConformance/TLSRouteTerminateSimpleSameNamespace&#xA;    conformance.go:54: Skipping TLSRouteTerminateSimpleSameNamespace: suite does not support TLSRoute&#xA;    --- SKIP: TestConformance/TLSRouteTerminateSimpleSameNamespace (0.00s)&#xA;"></skipped>
		</testcase>
		<testcase classname="github.com/haproxytech/haproxy-unified-gateway/test/conformance" name="TestConformance/UDPRoute" time="0.000000">
			<skipped message="=== RUN   TestConformance/UDPRoute&#xA;    conformance.go:54: Skipping UDPRoute: suite does not support UDPRoute&#xA;    --- SKIP: TestConformance/UDPRoute (0.00s)&#xA;"></skipped>
		</testcase>
		<testcase classname="github.com/haproxytech/haproxy-unified-gateway/test/conformance" name="TestConformance/GatewayInvalidRouteKind/Gateway_listener_should_have_a_false_ResolvedRefs_condition_with_reason_InvalidRouteKinds_and_no_supportedKinds" time="2.900000"></testcase>
		<testcase classname="github.com/haproxytech/haproxy-unified-gateway/test/conformance" name="TestConformance/GatewayInvalidRouteKind/Gateway_listener_should_have_a_false_ResolvedRefs_condition_with_reason_InvalidRouteKinds_and_HTTPRoute_must_be_put_in_the_supportedKinds" time="0.000000"></testcase>
		<testcase classname="github.com/haproxytech/haproxy-unified-gateway/test/conformance" name="TestConformance/GatewayInvalidRouteKind" time="2.920000"></testcase>
		<testcase classname="github.com/haproxytech/haproxy-unified-gateway/test/conformance" name="TestConformance/GatewayInvalidTLSConfiguration/Unsupported_kind_resource_referenced_as_CertificateRef_in_a_Gateway_listener" time="0.000000"></testcase>
		<testcase classname="github.com/haproxytech/haproxy-unified-gateway/test/conformance" name="TestConformance/GatewayInvalidTLSConfiguration/Malformed_secret_referenced_as_CertificateRef_in_a_Gateway_listener" time="0.000000"></testcase>
		<testcase classname="github.com/haproxytech/haproxy-unified-gateway/test/conformance" name="TestConformance/GatewayInvalidTLSConfiguration/Unsupported_group_resource_referenced_as_CertificateRef_in_a_Gateway_listener" time="0.000000"></testcase>
		<testcase classname="github.com/haproxytech/haproxy-unified-gateway/test/conformance" name="TestConformance/GatewayInvalidTLSConfiguration/Nonexistent_secret_referenced_as_CertificateRef_in_a_Gateway_listener" time="0.000000"></testcase>
		<testcase classname="github.com/haproxytech/haproxy-unified-gateway/test/conformance" name="TestConformance/GatewayInvalidTLSConfiguration" time="0.030000"></testcase>
		<testcase classname="github.com/haproxytech/haproxy-unified-gateway/test/conformance" name="TestConformance/GatewayModifyListeners/should_be_able_to_add_a_listener_that_then_becomes_available_for_routing_traffic" time="10.330000"></testcase>
		<testcase classname="github.com/haproxytech/haproxy-unified-gateway/test/conformance" name="TestConformance/GatewayModifyListeners/should_be_able_to_remove_listeners,_which_would_then_stop_routing_the_relevant_traffic" time="5.230000"></testcase>
		<testcase classname="github.com/haproxytech/haproxy-unified-gateway/test/conformance" name="TestConformance/GatewayModifyListeners" time="15.590000"></testcase>
		<testcase classname="github.com/haproxytech/haproxy-unified-gateway/test/conformance" name="TestConformance/GatewayObservedGenerationBump/observedGeneration_should_increment" time="10.330000"></testcase>
		<testcase classname="github.com/haproxytech/haproxy-unified-gateway/test/conformance" name="TestConformance/GatewayObservedGenerationBump" time="10.340000"></testcase>
		<testcase classname="github.com/haproxytech/haproxy-unified-gateway/test/conformance" name="TestConformance/GatewayClassObservedGenerationBump/observedGeneration_should_increment" time="10.220000"></testcase>
		<testcase classname="github.com/haproxytech/haproxy-unified-gateway/test/conformance" name="TestConformance/GatewayClassObservedGenerationBump" time="10.220000"></testcase>
		<testcase classname="github.com/haproxytech/haproxy-unified-gateway/test/conformance" name="TestConformance" time="40.210000"></testcase>
	</testsuite>
</testsuites>